2023-10-09 17:19:22.893  INFO 54334 --- [restartedMain] c.t.m.MsavaliadorcreditoApplication      : Starting MsavaliadorcreditoApplication using Java 17.0.8 on MacBook-Air-de-Tatiane.local with PID 54334 (/Users/tatiramos/Documents/cursos/microsservicos/microservices/msavaliadorcredito/target/classes started by tatiramos in /Users/tatiramos/Documents/cursos/microsservicos/microservices/msavaliadorcredito)
2023-10-09 17:19:22.895  INFO 54334 --- [restartedMain] c.t.m.MsavaliadorcreditoApplication      : No active profile set, falling back to 1 default profile: "default"
2023-10-09 17:19:22.942  INFO 54334 --- [restartedMain] .e.DevToolsPropertyDefaultsPostProcessor : Devtools property defaults active! Set 'spring.devtools.add-properties' to 'false' to disable
2023-10-09 17:19:22.942  INFO 54334 --- [restartedMain] .e.DevToolsPropertyDefaultsPostProcessor : For additional web related logging consider setting the 'logging.level.web' property to 'DEBUG'
2023-10-09 17:19:23.500  INFO 54334 --- [restartedMain] o.s.cloud.context.scope.GenericScope     : BeanFactory id=99098374-97ff-3f91-b8ef-b2eaf20c744e
2023-10-09 17:19:23.795  INFO 54334 --- [restartedMain] o.s.b.w.embedded.tomcat.TomcatWebServer  : Tomcat initialized with port(s): 0 (http)
2023-10-09 17:19:23.800  INFO 54334 --- [restartedMain] o.apache.catalina.core.StandardService   : Starting service [Tomcat]
2023-10-09 17:19:23.800  INFO 54334 --- [restartedMain] org.apache.catalina.core.StandardEngine  : Starting Servlet engine: [Apache Tomcat/9.0.63]
2023-10-09 17:19:23.839  INFO 54334 --- [restartedMain] o.a.c.c.C.[Tomcat].[localhost].[/]       : Initializing Spring embedded WebApplicationContext
2023-10-09 17:19:23.839  INFO 54334 --- [restartedMain] w.s.c.ServletWebServerApplicationContext : Root WebApplicationContext: initialization completed in 896 ms
2023-10-09 17:19:24.013  WARN 54334 --- [restartedMain] o.s.b.d.a.OptionalLiveReloadServer       : Unable to start LiveReload server
2023-10-09 17:19:24.043  INFO 54334 --- [restartedMain] o.s.c.openfeign.FeignClientFactoryBean   : For 'msclientes' URL not provided. Will try picking an instance via load-balancing.
2023-10-09 17:19:24.078  INFO 54334 --- [restartedMain] o.s.c.openfeign.FeignClientFactoryBean   : For 'mscartoes' URL not provided. Will try picking an instance via load-balancing.
2023-10-09 17:19:24.909  INFO 54334 --- [restartedMain] DiscoveryClientOptionalArgsConfiguration : Eureka HTTP Client uses RestTemplate.
2023-10-09 17:19:24.928  WARN 54334 --- [restartedMain] iguration$LoadBalancerCaffeineWarnLogger : Spring Cloud LoadBalancer is currently working with the default cache. While this cache implementation is useful for development and tests, it's recommended to use Caffeine cache in production.You can switch to using Caffeine cache, by adding it and org.springframework.cache.caffeine.CaffeineCacheManager to the classpath.
2023-10-09 17:19:24.932  INFO 54334 --- [restartedMain] o.s.b.a.e.web.EndpointLinksResolver      : Exposing 17 endpoint(s) beneath base path '/actuator'
2023-10-09 17:19:24.956  INFO 54334 --- [restartedMain] o.s.b.w.embedded.tomcat.TomcatWebServer  : Tomcat started on port(s): 49904 (http) with context path ''
2023-10-09 17:19:24.957  INFO 54334 --- [restartedMain] .s.c.n.e.s.EurekaAutoServiceRegistration : Updating port to 49904
2023-10-09 17:19:24.958  INFO 54334 --- [restartedMain] o.s.c.n.eureka.InstanceInfoFactory       : Setting initial instance status as: STARTING
2023-10-09 17:19:24.989  INFO 54334 --- [restartedMain] com.netflix.discovery.DiscoveryClient    : Initializing Eureka in region us-east-1
2023-10-09 17:19:24.991  INFO 54334 --- [restartedMain] c.n.d.s.r.aws.ConfigClusterResolver      : Resolving eureka endpoints via configuration
2023-10-09 17:19:25.001  INFO 54334 --- [restartedMain] com.netflix.discovery.DiscoveryClient    : Disable delta property : false
2023-10-09 17:19:25.001  INFO 54334 --- [restartedMain] com.netflix.discovery.DiscoveryClient    : Single vip registry refresh property : null
2023-10-09 17:19:25.001  INFO 54334 --- [restartedMain] com.netflix.discovery.DiscoveryClient    : Force full registry fetch : false
2023-10-09 17:19:25.001  INFO 54334 --- [restartedMain] com.netflix.discovery.DiscoveryClient    : Application is null : false
2023-10-09 17:19:25.001  INFO 54334 --- [restartedMain] com.netflix.discovery.DiscoveryClient    : Registered Applications size is zero : true
2023-10-09 17:19:25.001  INFO 54334 --- [restartedMain] com.netflix.discovery.DiscoveryClient    : Application version is -1: true
2023-10-09 17:19:25.001  INFO 54334 --- [restartedMain] com.netflix.discovery.DiscoveryClient    : Getting all instance registry info from the eureka server
2023-10-09 17:19:25.189  INFO 54334 --- [restartedMain] com.netflix.discovery.DiscoveryClient    : The response status is 200
2023-10-09 17:19:25.190  INFO 54334 --- [restartedMain] com.netflix.discovery.DiscoveryClient    : Starting heartbeat executor: renew interval is: 30
2023-10-09 17:19:25.191  INFO 54334 --- [restartedMain] c.n.discovery.InstanceInfoReplicator     : InstanceInfoReplicator onDemand update allowed rate per min is 4
2023-10-09 17:19:25.193  INFO 54334 --- [restartedMain] com.netflix.discovery.DiscoveryClient    : Discovery Client initialized at timestamp 1696882765193 with initial instances count: 1
2023-10-09 17:19:25.194  INFO 54334 --- [restartedMain] o.s.c.n.e.s.EurekaServiceRegistry        : Registering application MSAVALIADORCREDITO with eureka with status UP
2023-10-09 17:19:25.195  INFO 54334 --- [restartedMain] com.netflix.discovery.DiscoveryClient    : Saw local status change event StatusChangeEvent [timestamp=1696882765195, current=UP, previous=STARTING]
2023-10-09 17:19:25.195  INFO 54334 --- [DiscoveryClient-InstanceInfoReplicator-0] com.netflix.discovery.DiscoveryClient    : DiscoveryClient_MSAVALIADORCREDITO/msavaliadorcredito:ee2bf65a27feb3fee1888d05997bafab: registering service...
2023-10-09 17:19:25.217  INFO 54334 --- [restartedMain] c.t.m.MsavaliadorcreditoApplication      : Started MsavaliadorcreditoApplication in 7.641 seconds (JVM running for 7.985)
2023-10-09 17:19:25.303  INFO 54334 --- [DiscoveryClient-InstanceInfoReplicator-0] com.netflix.discovery.DiscoveryClient    : DiscoveryClient_MSAVALIADORCREDITO/msavaliadorcredito:ee2bf65a27feb3fee1888d05997bafab - registration status: 204
2023-10-09 17:24:25.013  INFO 54334 --- [AsyncResolver-bootstrap-executor-0] c.n.d.s.r.aws.ConfigClusterResolver      : Resolving eureka endpoints via configuration
2023-10-09 17:29:25.016  INFO 54334 --- [AsyncResolver-bootstrap-executor-0] c.n.d.s.r.aws.ConfigClusterResolver      : Resolving eureka endpoints via configuration
2023-10-09 17:34:25.018  INFO 54334 --- [AsyncResolver-bootstrap-executor-0] c.n.d.s.r.aws.ConfigClusterResolver      : Resolving eureka endpoints via configuration
2023-10-09 17:39:25.062  INFO 54334 --- [AsyncResolver-bootstrap-executor-0] c.n.d.s.r.aws.ConfigClusterResolver      : Resolving eureka endpoints via configuration
2023-10-09 17:44:25.067  INFO 54334 --- [AsyncResolver-bootstrap-executor-0] c.n.d.s.r.aws.ConfigClusterResolver      : Resolving eureka endpoints via configuration
2023-10-09 17:49:25.076  INFO 54334 --- [AsyncResolver-bootstrap-executor-0] c.n.d.s.r.aws.ConfigClusterResolver      : Resolving eureka endpoints via configuration
2023-10-09 17:54:25.048  INFO 54334 --- [AsyncResolver-bootstrap-executor-0] c.n.d.s.r.aws.ConfigClusterResolver      : Resolving eureka endpoints via configuration
2023-10-09 17:59:25.054  INFO 54334 --- [AsyncResolver-bootstrap-executor-0] c.n.d.s.r.aws.ConfigClusterResolver      : Resolving eureka endpoints via configuration
2023-10-09 18:04:25.060  INFO 54334 --- [AsyncResolver-bootstrap-executor-0] c.n.d.s.r.aws.ConfigClusterResolver      : Resolving eureka endpoints via configuration
2023-10-09 18:09:25.070  INFO 54334 --- [AsyncResolver-bootstrap-executor-0] c.n.d.s.r.aws.ConfigClusterResolver      : Resolving eureka endpoints via configuration
2023-10-09 18:14:25.078  INFO 54334 --- [AsyncResolver-bootstrap-executor-0] c.n.d.s.r.aws.ConfigClusterResolver      : Resolving eureka endpoints via configuration
2023-10-09 18:19:25.083  INFO 54334 --- [AsyncResolver-bootstrap-executor-0] c.n.d.s.r.aws.ConfigClusterResolver      : Resolving eureka endpoints via configuration
2023-10-09 18:24:25.089  INFO 54334 --- [AsyncResolver-bootstrap-executor-0] c.n.d.s.r.aws.ConfigClusterResolver      : Resolving eureka endpoints via configuration
2023-10-09 18:29:25.092  INFO 54334 --- [AsyncResolver-bootstrap-executor-0] c.n.d.s.r.aws.ConfigClusterResolver      : Resolving eureka endpoints via configuration
2023-10-09 18:34:25.098  INFO 54334 --- [AsyncResolver-bootstrap-executor-0] c.n.d.s.r.aws.ConfigClusterResolver      : Resolving eureka endpoints via configuration
2023-10-09 19:08:38.449  INFO 65936 --- [main] c.t.m.MsavaliadorcreditoApplicationTests : Starting MsavaliadorcreditoApplicationTests using Java 19.0.2 on MacBook-Air-de-Tatiane.local with PID 65936 (started by tatiramos in /Users/tatiramos/Documents/cursos/microsservicos/microservices/projeto-microsservicos/msavaliadorcredito)
2023-10-09 19:08:38.451  INFO 65936 --- [main] c.t.m.MsavaliadorcreditoApplicationTests : No active profile set, falling back to 1 default profile: "default"
2023-10-09 19:08:39.000  INFO 65936 --- [main] o.s.cloud.context.scope.GenericScope     : BeanFactory id=fefe2e0c-222b-3f01-b900-d292a6e2cac0
2023-10-09 19:08:39.305  INFO 65936 --- [main] o.s.c.openfeign.FeignClientFactoryBean   : For 'msclientes' URL not provided. Will try picking an instance via load-balancing.
2023-10-09 19:08:39.361  INFO 65936 --- [main] o.s.c.openfeign.FeignClientFactoryBean   : For 'mscartoes' URL not provided. Will try picking an instance via load-balancing.
2023-10-09 19:08:40.409  INFO 65936 --- [main] DiscoveryClientOptionalArgsConfiguration : Eureka HTTP Client uses RestTemplate.
2023-10-09 19:08:40.439  WARN 65936 --- [main] iguration$LoadBalancerCaffeineWarnLogger : Spring Cloud LoadBalancer is currently working with the default cache. While this cache implementation is useful for development and tests, it's recommended to use Caffeine cache in production.You can switch to using Caffeine cache, by adding it and org.springframework.cache.caffeine.CaffeineCacheManager to the classpath.
2023-10-09 19:08:40.446  INFO 65936 --- [main] o.s.b.a.e.web.EndpointLinksResolver      : Exposing 17 endpoint(s) beneath base path '/actuator'
2023-10-09 19:08:40.496  INFO 65936 --- [main] c.t.m.MsavaliadorcreditoApplicationTests : Started MsavaliadorcreditoApplicationTests in 7.233 seconds (JVM running for 7.657)
2023-10-09 19:08:40.708  INFO 65936 --- [SpringApplicationShutdownHook] o.s.c.n.eureka.InstanceInfoFactory       : Setting initial instance status as: STARTING
2023-10-09 19:08:40.710  INFO 65936 --- [SpringApplicationShutdownHook] o.s.c.n.e.s.EurekaServiceRegistry        : Unregistering application MSAVALIADORCREDITO with eureka with status DOWN
