2023-10-09 18:13:30.496  INFO 56114 --- [restartedMain] c.t.msclientes.MsclientesApplication     : Starting MsclientesApplication using Java 17.0.8 on MacBook-Air-de-Tatiane.local with PID 56114 (/Users/tatiramos/Documents/cursos/microsservicos/microservices/msclientes/target/classes started by tatiramos in /Users/tatiramos/Documents/cursos/microsservicos/microservices/msclientes)
2023-10-09 18:13:30.498  INFO 56114 --- [restartedMain] c.t.msclientes.MsclientesApplication     : No active profile set, falling back to 1 default profile: "default"
2023-10-09 18:13:30.527  INFO 56114 --- [restartedMain] .e.DevToolsPropertyDefaultsPostProcessor : Devtools property defaults active! Set 'spring.devtools.add-properties' to 'false' to disable
2023-10-09 18:13:30.527  INFO 56114 --- [restartedMain] .e.DevToolsPropertyDefaultsPostProcessor : For additional web related logging consider setting the 'logging.level.web' property to 'DEBUG'
2023-10-09 18:13:31.008  INFO 56114 --- [restartedMain] .s.d.r.c.RepositoryConfigurationDelegate : Bootstrapping Spring Data JPA repositories in DEFAULT mode.
2023-10-09 18:13:31.072  INFO 56114 --- [restartedMain] .s.d.r.c.RepositoryConfigurationDelegate : Finished Spring Data repository scanning in 59 ms. Found 1 JPA repository interfaces.
2023-10-09 18:13:31.192  INFO 56114 --- [restartedMain] o.s.cloud.context.scope.GenericScope     : BeanFactory id=e9593638-ff77-35b8-a485-fe97e0377b10
2023-10-09 18:13:31.503  INFO 56114 --- [restartedMain] o.s.b.w.embedded.tomcat.TomcatWebServer  : Tomcat initialized with port(s): 0 (http)
2023-10-09 18:13:31.507  INFO 56114 --- [restartedMain] o.apache.catalina.core.StandardService   : Starting service [Tomcat]
2023-10-09 18:13:31.508  INFO 56114 --- [restartedMain] org.apache.catalina.core.StandardEngine  : Starting Servlet engine: [Apache Tomcat/9.0.63]
2023-10-09 18:13:31.548  INFO 56114 --- [restartedMain] o.a.c.c.C.[Tomcat].[localhost].[/]       : Initializing Spring embedded WebApplicationContext
2023-10-09 18:13:31.548  INFO 56114 --- [restartedMain] w.s.c.ServletWebServerApplicationContext : Root WebApplicationContext: initialization completed in 1021 ms
2023-10-09 18:13:31.602  INFO 56114 --- [restartedMain] com.zaxxer.hikari.HikariDataSource       : HikariPool-1 - Starting...
2023-10-09 18:13:31.696  INFO 56114 --- [restartedMain] com.zaxxer.hikari.HikariDataSource       : HikariPool-1 - Start completed.
2023-10-09 18:13:31.701  INFO 56114 --- [restartedMain] o.s.b.a.h2.H2ConsoleAutoConfiguration    : H2 console available at '/h2-console'. Database available at 'jdbc:h2:mem:5cdd62a8-10ef-4b21-a4f9-59f7f8c5c860'
2023-10-09 18:13:31.801  INFO 56114 --- [restartedMain] o.hibernate.jpa.internal.util.LogHelper  : HHH000204: Processing PersistenceUnitInfo [name: default]
2023-10-09 18:13:31.823  INFO 56114 --- [restartedMain] org.hibernate.Version                    : HHH000412: Hibernate ORM core version 5.6.9.Final
2023-10-09 18:13:31.888  INFO 56114 --- [restartedMain] o.hibernate.annotations.common.Version   : HCANN000001: Hibernate Commons Annotations {5.1.2.Final}
2023-10-09 18:13:31.936  INFO 56114 --- [restartedMain] org.hibernate.dialect.Dialect            : HHH000400: Using dialect: org.hibernate.dialect.H2Dialect
2023-10-09 18:13:32.140  INFO 56114 --- [restartedMain] o.h.e.t.j.p.i.JtaPlatformInitiator       : HHH000490: Using JtaPlatform implementation: [org.hibernate.engine.transaction.jta.platform.internal.NoJtaPlatform]
2023-10-09 18:13:32.143  INFO 56114 --- [restartedMain] j.LocalContainerEntityManagerFactoryBean : Initialized JPA EntityManagerFactory for persistence unit 'default'
2023-10-09 18:13:32.336  WARN 56114 --- [restartedMain] JpaBaseConfiguration$JpaWebConfiguration : spring.jpa.open-in-view is enabled by default. Therefore, database queries may be performed during view rendering. Explicitly configure spring.jpa.open-in-view to disable this warning
2023-10-09 18:13:33.209  WARN 56114 --- [restartedMain] o.s.b.d.a.OptionalLiveReloadServer       : Unable to start LiveReload server
2023-10-09 18:13:33.216  INFO 56114 --- [restartedMain] DiscoveryClientOptionalArgsConfiguration : Eureka HTTP Client uses RestTemplate.
2023-10-09 18:13:33.249  WARN 56114 --- [restartedMain] iguration$LoadBalancerCaffeineWarnLogger : Spring Cloud LoadBalancer is currently working with the default cache. While this cache implementation is useful for development and tests, it's recommended to use Caffeine cache in production.You can switch to using Caffeine cache, by adding it and org.springframework.cache.caffeine.CaffeineCacheManager to the classpath.
2023-10-09 18:13:33.252  INFO 56114 --- [restartedMain] o.s.b.a.e.web.EndpointLinksResolver      : Exposing 17 endpoint(s) beneath base path '/actuator'
2023-10-09 18:13:33.279  INFO 56114 --- [restartedMain] o.s.b.w.embedded.tomcat.TomcatWebServer  : Tomcat started on port(s): 50638 (http) with context path ''
2023-10-09 18:13:33.279  INFO 56114 --- [restartedMain] .s.c.n.e.s.EurekaAutoServiceRegistration : Updating port to 50638
2023-10-09 18:13:33.282  INFO 56114 --- [restartedMain] o.s.c.n.eureka.InstanceInfoFactory       : Setting initial instance status as: STARTING
2023-10-09 18:13:33.313  INFO 56114 --- [restartedMain] com.netflix.discovery.DiscoveryClient    : Initializing Eureka in region us-east-1
2023-10-09 18:13:33.315  INFO 56114 --- [restartedMain] c.n.d.s.r.aws.ConfigClusterResolver      : Resolving eureka endpoints via configuration
2023-10-09 18:13:33.325  INFO 56114 --- [restartedMain] com.netflix.discovery.DiscoveryClient    : Disable delta property : false
2023-10-09 18:13:33.325  INFO 56114 --- [restartedMain] com.netflix.discovery.DiscoveryClient    : Single vip registry refresh property : null
2023-10-09 18:13:33.325  INFO 56114 --- [restartedMain] com.netflix.discovery.DiscoveryClient    : Force full registry fetch : false
2023-10-09 18:13:33.325  INFO 56114 --- [restartedMain] com.netflix.discovery.DiscoveryClient    : Application is null : false
2023-10-09 18:13:33.325  INFO 56114 --- [restartedMain] com.netflix.discovery.DiscoveryClient    : Registered Applications size is zero : true
2023-10-09 18:13:33.325  INFO 56114 --- [restartedMain] com.netflix.discovery.DiscoveryClient    : Application version is -1: true
2023-10-09 18:13:33.325  INFO 56114 --- [restartedMain] com.netflix.discovery.DiscoveryClient    : Getting all instance registry info from the eureka server
2023-10-09 18:13:33.516  INFO 56114 --- [restartedMain] com.netflix.discovery.DiscoveryClient    : The response status is 200
2023-10-09 18:13:33.517  INFO 56114 --- [restartedMain] com.netflix.discovery.DiscoveryClient    : Starting heartbeat executor: renew interval is: 30
2023-10-09 18:13:33.518  INFO 56114 --- [restartedMain] c.n.discovery.InstanceInfoReplicator     : InstanceInfoReplicator onDemand update allowed rate per min is 4
2023-10-09 18:13:33.520  INFO 56114 --- [restartedMain] com.netflix.discovery.DiscoveryClient    : Discovery Client initialized at timestamp 1696886013519 with initial instances count: 2
2023-10-09 18:13:33.521  INFO 56114 --- [restartedMain] o.s.c.n.e.s.EurekaServiceRegistry        : Registering application MSCLIENTES with eureka with status UP
2023-10-09 18:13:33.522  INFO 56114 --- [restartedMain] com.netflix.discovery.DiscoveryClient    : Saw local status change event StatusChangeEvent [timestamp=1696886013522, current=UP, previous=STARTING]
2023-10-09 18:13:33.522  INFO 56114 --- [DiscoveryClient-InstanceInfoReplicator-0] com.netflix.discovery.DiscoveryClient    : DiscoveryClient_MSCLIENTES/msclientes:1fb07b7b29ee3a7d318beab7caaa5b18: registering service...
2023-10-09 18:13:33.538  INFO 56114 --- [restartedMain] c.t.msclientes.MsclientesApplication     : Started MsclientesApplication in 8.405 seconds (JVM running for 8.71)
2023-10-09 18:13:33.620  INFO 56114 --- [DiscoveryClient-InstanceInfoReplicator-0] com.netflix.discovery.DiscoveryClient    : DiscoveryClient_MSCLIENTES/msclientes:1fb07b7b29ee3a7d318beab7caaa5b18 - registration status: 204
2023-10-09 18:18:33.326  INFO 56114 --- [AsyncResolver-bootstrap-executor-0] c.n.d.s.r.aws.ConfigClusterResolver      : Resolving eureka endpoints via configuration
2023-10-09 18:23:33.328  INFO 56114 --- [AsyncResolver-bootstrap-executor-0] c.n.d.s.r.aws.ConfigClusterResolver      : Resolving eureka endpoints via configuration
2023-10-09 18:28:33.332  INFO 56114 --- [AsyncResolver-bootstrap-executor-0] c.n.d.s.r.aws.ConfigClusterResolver      : Resolving eureka endpoints via configuration
2023-10-09 18:33:33.337  INFO 56114 --- [AsyncResolver-bootstrap-executor-0] c.n.d.s.r.aws.ConfigClusterResolver      : Resolving eureka endpoints via configuration
2023-10-09 19:08:58.564  INFO 65969 --- [main] c.t.m.MsclientesApplicationTests         : Starting MsclientesApplicationTests using Java 19.0.2 on MacBook-Air-de-Tatiane.local with PID 65969 (started by tatiramos in /Users/tatiramos/Documents/cursos/microsservicos/microservices/projeto-microsservicos/msclientes)
2023-10-09 19:08:58.565  INFO 65969 --- [main] c.t.m.MsclientesApplicationTests         : No active profile set, falling back to 1 default profile: "default"
2023-10-09 19:08:59.044  INFO 65969 --- [main] .s.d.r.c.RepositoryConfigurationDelegate : Bootstrapping Spring Data JPA repositories in DEFAULT mode.
2023-10-09 19:08:59.101  INFO 65969 --- [main] .s.d.r.c.RepositoryConfigurationDelegate : Finished Spring Data repository scanning in 54 ms. Found 1 JPA repository interfaces.
2023-10-09 19:08:59.227  INFO 65969 --- [main] o.s.cloud.context.scope.GenericScope     : BeanFactory id=b0809a6f-c2d6-3405-b088-1d75c8ccd173
2023-10-09 19:08:59.408  INFO 65969 --- [main] com.zaxxer.hikari.HikariDataSource       : HikariPool-1 - Starting...
2023-10-09 19:08:59.496  INFO 65969 --- [main] com.zaxxer.hikari.HikariDataSource       : HikariPool-1 - Start completed.
2023-10-09 19:08:59.522  INFO 65969 --- [main] o.hibernate.jpa.internal.util.LogHelper  : HHH000204: Processing PersistenceUnitInfo [name: default]
2023-10-09 19:08:59.553  INFO 65969 --- [main] org.hibernate.Version                    : HHH000412: Hibernate ORM core version 5.6.9.Final
2023-10-09 19:08:59.611  INFO 65969 --- [main] o.hibernate.annotations.common.Version   : HCANN000001: Hibernate Commons Annotations {5.1.2.Final}
2023-10-09 19:08:59.652  INFO 65969 --- [main] org.hibernate.dialect.Dialect            : HHH000400: Using dialect: org.hibernate.dialect.H2Dialect
2023-10-09 19:08:59.848  INFO 65969 --- [main] o.h.e.t.j.p.i.JtaPlatformInitiator       : HHH000490: Using JtaPlatform implementation: [org.hibernate.engine.transaction.jta.platform.internal.NoJtaPlatform]
2023-10-09 19:08:59.853  INFO 65969 --- [main] j.LocalContainerEntityManagerFactoryBean : Initialized JPA EntityManagerFactory for persistence unit 'default'
2023-10-09 19:09:00.161  WARN 65969 --- [main] JpaBaseConfiguration$JpaWebConfiguration : spring.jpa.open-in-view is enabled by default. Therefore, database queries may be performed during view rendering. Explicitly configure spring.jpa.open-in-view to disable this warning
2023-10-09 19:09:01.432  INFO 65969 --- [main] DiscoveryClientOptionalArgsConfiguration : Eureka HTTP Client uses RestTemplate.
2023-10-09 19:09:01.495  WARN 65969 --- [main] iguration$LoadBalancerCaffeineWarnLogger : Spring Cloud LoadBalancer is currently working with the default cache. While this cache implementation is useful for development and tests, it's recommended to use Caffeine cache in production.You can switch to using Caffeine cache, by adding it and org.springframework.cache.caffeine.CaffeineCacheManager to the classpath.
2023-10-09 19:09:01.501  INFO 65969 --- [main] o.s.b.a.e.web.EndpointLinksResolver      : Exposing 17 endpoint(s) beneath base path '/actuator'
2023-10-09 19:09:01.534  INFO 65969 --- [main] c.t.m.MsclientesApplicationTests         : Started MsclientesApplicationTests in 8.159 seconds (JVM running for 8.685)
2023-10-09 19:09:01.652  INFO 65969 --- [SpringApplicationShutdownHook] o.s.c.n.eureka.InstanceInfoFactory       : Setting initial instance status as: STARTING
2023-10-09 19:09:01.653  INFO 65969 --- [SpringApplicationShutdownHook] o.s.c.n.e.s.EurekaServiceRegistry        : Unregistering application MSCLIENTES with eureka with status DOWN
2023-10-09 19:09:01.663  INFO 65969 --- [SpringApplicationShutdownHook] j.LocalContainerEntityManagerFactoryBean : Closing JPA EntityManagerFactory for persistence unit 'default'
2023-10-09 19:09:01.663  INFO 65969 --- [SpringApplicationShutdownHook] .SchemaDropperImpl$DelayedDropActionImpl : HHH000477: Starting delayed evictData of schema as part of SessionFactory shut-down'
2023-10-09 19:09:01.669  INFO 65969 --- [SpringApplicationShutdownHook] com.zaxxer.hikari.HikariDataSource       : HikariPool-1 - Shutdown initiated...
2023-10-09 19:09:01.670  INFO 65969 --- [SpringApplicationShutdownHook] com.zaxxer.hikari.HikariDataSource       : HikariPool-1 - Shutdown completed.
